{"C:\\Users\\79939\\Desktop\\wwapp\\wwapp\\src\\scripts\\wheatherData.ts": {"path":"C:\\Users\\79939\\Desktop\\wwapp\\wwapp\\src\\scripts\\wheatherData.ts","statementMap":{"0":{"start":{"line":1,"column":16},"end":{"line":1,"column":50}},"1":{"start":{"line":29,"column":33},"end":{"line":35,"column":null}},"2":{"start":{"line":37,"column":27},"end":{"line":52,"column":1}},"3":{"start":{"line":38,"column":15},"end":{"line":39,"column":null}},"4":{"start":{"line":39,"column":12},"end":{"line":39,"column":52}},"5":{"start":{"line":42,"column":2},"end":{"line":44,"column":3}},"6":{"start":{"line":43,"column":4},"end":{"line":43,"column":null}},"7":{"start":{"line":46,"column":2},"end":{"line":51,"column":null}},"8":{"start":{"line":54,"column":19},"end":{"line":56,"column":1}},"9":{"start":{"line":55,"column":2},"end":{"line":55,"column":null}},"10":{"start":{"line":58,"column":25},"end":{"line":73,"column":1}},"11":{"start":{"line":59,"column":21},"end":{"line":59,"column":130}},"12":{"start":{"line":60,"column":22},"end":{"line":60,"column":143}},"13":{"start":{"line":62,"column":36},"end":{"line":65,"column":4}},"14":{"start":{"line":67,"column":38},"end":{"line":70,"column":4}},"15":{"start":{"line":72,"column":2},"end":{"line":72,"column":null}},"16":{"start":{"line":75,"column":28},"end":{"line":92,"column":1}},"17":{"start":{"line":76,"column":42},"end":{"line":76,"column":44}},"18":{"start":{"line":77,"column":19},"end":{"line":77,"column":36}},"19":{"start":{"line":79,"column":2},"end":{"line":89,"column":null}},"20":{"start":{"line":80,"column":17},"end":{"line":80,"column":69}},"21":{"start":{"line":81,"column":4},"end":{"line":88,"column":5}},"22":{"start":{"line":82,"column":6},"end":{"line":82,"column":null}},"23":{"start":{"line":83,"column":6},"end":{"line":87,"column":null}},"24":{"start":{"line":91,"column":2},"end":{"line":91,"column":null}},"25":{"start":{"line":94,"column":36},"end":{"line":114,"column":1}},"26":{"start":{"line":98,"column":2},"end":{"line":113,"column":3}},"27":{"start":{"line":99,"column":42},"end":{"line":99,"column":74}},"28":{"start":{"line":100,"column":26},"end":{"line":100,"column":64}},"29":{"start":{"line":102,"column":4},"end":{"line":110,"column":null}},"30":{"start":{"line":112,"column":4},"end":{"line":112,"column":null}},"31":{"start":{"line":116,"column":42},"end":{"line":142,"column":1}},"32":{"start":{"line":117,"column":2},"end":{"line":141,"column":3}},"33":{"start":{"line":118,"column":4},"end":{"line":118,"column":null}},"34":{"start":{"line":120,"column":20},"end":{"line":135,"column":null}},"35":{"start":{"line":122,"column":27},"end":{"line":122,"column":38}},"36":{"start":{"line":123,"column":46},"end":{"line":123,"column":78}},"37":{"start":{"line":124,"column":30},"end":{"line":124,"column":68}},"38":{"start":{"line":126,"column":8},"end":{"line":134,"column":null}},"39":{"start":{"line":138,"column":4},"end":{"line":138,"column":null}},"40":{"start":{"line":140,"column":4},"end":{"line":140,"column":null}},"41":{"start":{"line":144,"column":31},"end":{"line":164,"column":1}},"42":{"start":{"line":145,"column":2},"end":{"line":163,"column":3}},"43":{"start":{"line":146,"column":21},"end":{"line":146,"column":51}},"44":{"start":{"line":147,"column":4},"end":{"line":149,"column":5}},"45":{"start":{"line":148,"column":6},"end":{"line":148,"column":null}},"46":{"start":{"line":151,"column":25},"end":{"line":151,"column":33}},"47":{"start":{"line":152,"column":29},"end":{"line":152,"column":65}},"48":{"start":{"line":154,"column":4},"end":{"line":159,"column":null}},"49":{"start":{"line":154,"column":49},"end":{"line":159,"column":6}},"50":{"start":{"line":161,"column":4},"end":{"line":161,"column":null}},"51":{"start":{"line":162,"column":4},"end":{"line":162,"column":null}}},"fnMap":{"0":{"name":"(anonymous_0)","decl":{"start":{"line":37,"column":27},"end":{"line":37,"column":28}},"loc":{"start":{"line":37,"column":50},"end":{"line":52,"column":1}}},"1":{"name":"(anonymous_1)","decl":{"start":{"line":39,"column":4},"end":{"line":39,"column":8}},"loc":{"start":{"line":39,"column":12},"end":{"line":39,"column":52}}},"2":{"name":"(anonymous_2)","decl":{"start":{"line":54,"column":19},"end":{"line":54,"column":20}},"loc":{"start":{"line":54,"column":44},"end":{"line":56,"column":1}}},"3":{"name":"(anonymous_3)","decl":{"start":{"line":58,"column":25},"end":{"line":58,"column":30}},"loc":{"start":{"line":58,"column":77},"end":{"line":73,"column":1}}},"4":{"name":"(anonymous_4)","decl":{"start":{"line":75,"column":28},"end":{"line":75,"column":29}},"loc":{"start":{"line":75,"column":82},"end":{"line":92,"column":1}}},"5":{"name":"(anonymous_5)","decl":{"start":{"line":79,"column":23},"end":{"line":79,"column":24}},"loc":{"start":{"line":79,"column":45},"end":{"line":89,"column":3}}},"6":{"name":"(anonymous_6)","decl":{"start":{"line":94,"column":36},"end":{"line":94,"column":41}},"loc":{"start":{"line":97,"column":33},"end":{"line":114,"column":1}}},"7":{"name":"(anonymous_7)","decl":{"start":{"line":116,"column":42},"end":{"line":116,"column":47}},"loc":{"start":{"line":116,"column":77},"end":{"line":142,"column":1}}},"8":{"name":"(anonymous_8)","decl":{"start":{"line":121,"column":28},"end":{"line":121,"column":33}},"loc":{"start":{"line":121,"column":50},"end":{"line":135,"column":7}}},"9":{"name":"(anonymous_9)","decl":{"start":{"line":144,"column":31},"end":{"line":144,"column":36}},"loc":{"start":{"line":144,"column":60},"end":{"line":164,"column":1}}},"10":{"name":"(anonymous_10)","decl":{"start":{"line":154,"column":33},"end":{"line":154,"column":34}},"loc":{"start":{"line":154,"column":49},"end":{"line":159,"column":6}}}},"branchMap":{"0":{"loc":{"start":{"line":42,"column":2},"end":{"line":44,"column":3}},"type":"if","locations":[{"start":{"line":42,"column":2},"end":{"line":44,"column":3}}]},"1":{"loc":{"start":{"line":55,"column":12},"end":{"line":55,"column":31}},"type":"cond-expr","locations":[{"start":{"line":55,"column":23},"end":{"line":55,"column":26}},{"start":{"line":55,"column":29},"end":{"line":55,"column":31}}]},"2":{"loc":{"start":{"line":58,"column":58},"end":{"line":58,"column":73}},"type":"default-arg","locations":[{"start":{"line":58,"column":72},"end":{"line":58,"column":73}}]},"3":{"loc":{"start":{"line":75,"column":58},"end":{"line":75,"column":78}},"type":"default-arg","locations":[{"start":{"line":75,"column":77},"end":{"line":75,"column":78}}]},"4":{"loc":{"start":{"line":81,"column":4},"end":{"line":88,"column":5}},"type":"if","locations":[{"start":{"line":81,"column":4},"end":{"line":88,"column":5}}]},"5":{"loc":{"start":{"line":81,"column":8},"end":{"line":81,"column":62}},"type":"binary-expr","locations":[{"start":{"line":81,"column":8},"end":{"line":81,"column":27}},{"start":{"line":81,"column":31},"end":{"line":81,"column":62}}]},"6":{"loc":{"start":{"line":104,"column":12},"end":{"line":104,"column":48}},"type":"binary-expr","locations":[{"start":{"line":104,"column":12},"end":{"line":104,"column":28}},{"start":{"line":104,"column":32},"end":{"line":104,"column":48}}]},"7":{"loc":{"start":{"line":105,"column":14},"end":{"line":105,"column":51}},"type":"binary-expr","locations":[{"start":{"line":105,"column":14},"end":{"line":105,"column":45}},{"start":{"line":105,"column":49},"end":{"line":105,"column":51}}]},"8":{"loc":{"start":{"line":147,"column":4},"end":{"line":149,"column":5}},"type":"if","locations":[{"start":{"line":147,"column":4},"end":{"line":149,"column":5}}]}},"s":{"0":1,"1":1,"2":1,"3":0,"4":0,"5":0,"6":0,"7":0,"8":1,"9":0,"10":1,"11":0,"12":0,"13":0,"14":0,"15":0,"16":1,"17":0,"18":0,"19":0,"20":0,"21":0,"22":0,"23":0,"24":0,"25":1,"26":0,"27":0,"28":0,"29":0,"30":0,"31":1,"32":0,"33":0,"34":0,"35":0,"36":0,"37":0,"38":0,"39":0,"40":0,"41":1,"42":0,"43":0,"44":0,"45":0,"46":0,"47":0,"48":0,"49":0,"50":0,"51":0},"f":{"0":0,"1":0,"2":0,"3":0,"4":0,"5":0,"6":0,"7":0,"8":0,"9":0,"10":0},"b":{"0":[0],"1":[0,0],"2":[0],"3":[0],"4":[0],"5":[0,0],"6":[0,0],"7":[0,0],"8":[0]}}
}
