TN:
SF:src\scripts\wheatherData.ts
FN:37,(anonymous_0)
FN:39,(anonymous_1)
FN:54,(anonymous_2)
FN:58,(anonymous_3)
FN:75,(anonymous_4)
FN:79,(anonymous_5)
FN:94,(anonymous_6)
FN:116,(anonymous_7)
FN:121,(anonymous_8)
FN:144,(anonymous_9)
FN:154,(anonymous_10)
FNF:11
FNH:0
FNDA:0,(anonymous_0)
FNDA:0,(anonymous_1)
FNDA:0,(anonymous_2)
FNDA:0,(anonymous_3)
FNDA:0,(anonymous_4)
FNDA:0,(anonymous_5)
FNDA:0,(anonymous_6)
FNDA:0,(anonymous_7)
FNDA:0,(anonymous_8)
FNDA:0,(anonymous_9)
FNDA:0,(anonymous_10)
DA:1,1
DA:29,1
DA:37,1
DA:38,0
DA:39,0
DA:42,0
DA:43,0
DA:46,0
DA:54,1
DA:55,0
DA:58,1
DA:59,0
DA:60,0
DA:62,0
DA:67,0
DA:72,0
DA:75,1
DA:76,0
DA:77,0
DA:79,0
DA:80,0
DA:81,0
DA:82,0
DA:83,0
DA:91,0
DA:94,1
DA:98,0
DA:99,0
DA:100,0
DA:102,0
DA:112,0
DA:116,1
DA:117,0
DA:118,0
DA:120,0
DA:122,0
DA:123,0
DA:124,0
DA:126,0
DA:138,0
DA:140,0
DA:144,1
DA:145,0
DA:146,0
DA:147,0
DA:148,0
DA:151,0
DA:152,0
DA:154,0
DA:161,0
DA:162,0
LF:51
LH:9
BRDA:42,0,0,0
BRDA:55,1,0,0
BRDA:55,1,1,0
BRDA:58,2,0,0
BRDA:75,3,0,0
BRDA:81,4,0,0
BRDA:81,5,0,0
BRDA:81,5,1,0
BRDA:104,6,0,0
BRDA:104,6,1,0
BRDA:105,7,0,0
BRDA:105,7,1,0
BRDA:147,8,0,0
BRF:13
BRH:0
end_of_record
